<?xml version="1.0" encoding="UTF-8"?>
<testsuites tests="147" failures="97" disabled="0" errors="0" timestamp="2014-06-21T23:16:47" time="2.884" name="AllTests">
  <testsuite name="MongoTest" tests="147" failures="97" disabled="0" errors="0" time="2.884">
    <testcase name="bson_create" status="run" time="0" classname="MongoTest" />
    <testcase name="mongoclient_create" status="run" time="0" classname="MongoTest" />
    <testcase name="client_command" status="run" time="0.001" classname="MongoTest">
      <failure message="mongotest.cpp:53&#x0A;Value of: next != nullptr&#x0A;  Actual: false&#x0A;Expected: true" type=""><![CDATA[mongotest.cpp:53
Value of: next != nullptr
  Actual: false
Expected: true]]></failure>
    </testcase>
    <testcase name="client_commandSimple" status="run" time="0" classname="MongoTest">
      <failure message="mongotest.cpp:61&#x0A;Failed" type=""><![CDATA[mongotest.cpp:61
Failed]]></failure>
    </testcase>
    <testcase name="client_collection" status="run" time="0.002" classname="MongoTest" />
    <testcase name="client_database" status="run" time="0" classname="MongoTest" />
    <testcase name="client_databaseNames" status="run" time="0.002" classname="MongoTest">
      <failure message="mongotest.cpp:87&#x0A;Value of: names.size() &gt; 0 &amp;&amp; names[0] == &quot;test&quot;&#x0A;  Actual: false&#x0A;Expected: true" type=""><![CDATA[mongotest.cpp:87
Value of: names.size() > 0 && names[0] == "test"
  Actual: false
Expected: true]]></failure>
    </testcase>
    <testcase name="client_gridFS" status="run" time="0.001" classname="MongoTest" />
    <testcase name="client_maxBsonSize" status="run" time="0" classname="MongoTest">
      <failure message="mongotest.cpp:98&#x0A;Failed" type=""><![CDATA[mongotest.cpp:98
Failed]]></failure>
    </testcase>
    <testcase name="client_readPrefs" status="run" time="0" classname="MongoTest">
      <failure message="mongotest.cpp:103&#x0A;Failed" type=""><![CDATA[mongotest.cpp:103
Failed]]></failure>
    </testcase>
    <testcase name="client_serverStatus" status="run" time="0" classname="MongoTest">
      <failure message="mongotest.cpp:108&#x0A;Failed" type=""><![CDATA[mongotest.cpp:108
Failed]]></failure>
    </testcase>
    <testcase name="client_uri" status="run" time="0" classname="MongoTest" />
    <testcase name="client_writeConcern" status="run" time="0" classname="MongoTest" />
    <testcase name="client_setReadPrefs" status="run" time="0" classname="MongoTest">
      <failure message="mongotest.cpp:125&#x0A;Failed" type=""><![CDATA[mongotest.cpp:125
Failed]]></failure>
    </testcase>
    <testcase name="client_setSslOpts" status="run" time="0" classname="MongoTest">
      <failure message="mongotest.cpp:130&#x0A;Failed" type=""><![CDATA[mongotest.cpp:130
Failed]]></failure>
    </testcase>
    <testcase name="client_setWriteConcern" status="run" time="0" classname="MongoTest" />
    <testcase name="clientpool_pop" status="run" time="0" classname="MongoTest">
      <failure message="mongotest.cpp:142&#x0A;Failed" type=""><![CDATA[mongotest.cpp:142
Failed]]></failure>
    </testcase>
    <testcase name="clientpool_push" status="run" time="0" classname="MongoTest">
      <failure message="mongotest.cpp:147&#x0A;Failed" type=""><![CDATA[mongotest.cpp:147
Failed]]></failure>
    </testcase>
    <testcase name="clientpool_tryPop" status="run" time="0" classname="MongoTest">
      <failure message="mongotest.cpp:152&#x0A;Failed" type=""><![CDATA[mongotest.cpp:152
Failed]]></failure>
    </testcase>
    <testcase name="collection_aggregate" status="run" time="0" classname="MongoTest">
      <failure message="mongotest.cpp:157&#x0A;Failed" type=""><![CDATA[mongotest.cpp:157
Failed]]></failure>
    </testcase>
    <testcase name="collection_command" status="run" time="0" classname="MongoTest">
      <failure message="mongotest.cpp:162&#x0A;Failed" type=""><![CDATA[mongotest.cpp:162
Failed]]></failure>
    </testcase>
    <testcase name="collection_commandSimple" status="run" time="0" classname="MongoTest">
      <failure message="mongotest.cpp:167&#x0A;Failed" type=""><![CDATA[mongotest.cpp:167
Failed]]></failure>
    </testcase>
    <testcase name="collection_count" status="run" time="0.005" classname="MongoTest" />
    <testcase name="collection_createBulkOperation" status="run" time="0" classname="MongoTest">
      <failure message="mongotest.cpp:195&#x0A;Failed" type=""><![CDATA[mongotest.cpp:195
Failed]]></failure>
    </testcase>
    <testcase name="collection_createIndex" status="run" time="0.002" classname="MongoTest" />
    <testcase name="collection_drop" status="run" time="0.002" classname="MongoTest" />
    <testcase name="collection_dropIndex" status="run" time="0" classname="MongoTest">
      <failure message="mongotest.cpp:227&#x0A;Failed" type=""><![CDATA[mongotest.cpp:227
Failed]]></failure>
    </testcase>
    <testcase name="collection_find" status="run" time="0.003" classname="MongoTest" />
    <testcase name="collection_findAndModify" status="run" time="0" classname="MongoTest">
      <failure message="mongotest.cpp:279&#x0A;Failed" type=""><![CDATA[mongotest.cpp:279
Failed]]></failure>
    </testcase>
    <testcase name="collection_lastError" status="run" time="0.002" classname="MongoTest" />
    <testcase name="collection_name" status="run" time="0" classname="MongoTest" />
    <testcase name="collection_readPrefs" status="run" time="0" classname="MongoTest">
      <failure message="mongotest.cpp:336&#x0A;Failed" type=""><![CDATA[mongotest.cpp:336
Failed]]></failure>
    </testcase>
    <testcase name="collection_writeConcern" status="run" time="0" classname="MongoTest">
      <failure message="mongotest.cpp:341&#x0A;Failed" type=""><![CDATA[mongotest.cpp:341
Failed]]></failure>
    </testcase>
    <testcase name="collection_insert" status="run" time="0" classname="MongoTest" />
    <testcase name="collection_insertBulk" status="run" time="2.707" classname="MongoTest" />
    <testcase name="collection_keysToIndexString" status="run" time="0" classname="MongoTest">
      <failure message="mongotest.cpp:396&#x0A;Failed" type=""><![CDATA[mongotest.cpp:396
Failed]]></failure>
    </testcase>
    <testcase name="collection_rename" status="run" time="0.059" classname="MongoTest" />
    <testcase name="collection_save" status="run" time="0.001" classname="MongoTest" />
    <testcase name="collection_setReadPrefs" status="run" time="0" classname="MongoTest">
      <failure message="mongotest.cpp:422&#x0A;Failed" type=""><![CDATA[mongotest.cpp:422
Failed]]></failure>
    </testcase>
    <testcase name="collection_setWriteConcern" status="run" time="0" classname="MongoTest">
      <failure message="mongotest.cpp:427&#x0A;Failed" type=""><![CDATA[mongotest.cpp:427
Failed]]></failure>
    </testcase>
    <testcase name="collection_stats" status="run" time="0" classname="MongoTest">
      <failure message="mongotest.cpp:432&#x0A;Failed" type=""><![CDATA[mongotest.cpp:432
Failed]]></failure>
    </testcase>
    <testcase name="collection_update" status="run" time="0.012" classname="MongoTest" />
    <testcase name="collection_validate" status="run" time="0.001" classname="MongoTest" />
    <testcase name="cursor_clone" status="run" time="0" classname="MongoTest">
      <failure message="mongotest.cpp:486&#x0A;Failed" type=""><![CDATA[mongotest.cpp:486
Failed]]></failure>
    </testcase>
    <testcase name="cursor_current" status="run" time="0.003" classname="MongoTest" />
    <testcase name="cursor_error" status="run" time="0" classname="MongoTest">
      <failure message="mongotest.cpp:527&#x0A;Failed" type=""><![CDATA[mongotest.cpp:527
Failed]]></failure>
    </testcase>
    <testcase name="cursor_getHost" status="run" time="0" classname="MongoTest">
      <failure message="mongotest.cpp:532&#x0A;Failed" type=""><![CDATA[mongotest.cpp:532
Failed]]></failure>
    </testcase>
    <testcase name="cursor_isAlive" status="run" time="0.011" classname="MongoTest" />
    <testcase name="cursor_more" status="run" time="0" classname="MongoTest">
      <failure message="mongotest.cpp:573&#x0A;Failed" type=""><![CDATA[mongotest.cpp:573
Failed]]></failure>
    </testcase>
    <testcase name="cursor_next" status="run" time="0.013" classname="MongoTest" />
    <testcase name="database_command" status="run" time="0" classname="MongoTest">
      <failure message="mongotest.cpp:613&#x0A;Failed" type=""><![CDATA[mongotest.cpp:613
Failed]]></failure>
    </testcase>
    <testcase name="database_simple" status="run" time="0" classname="MongoTest">
      <failure message="mongotest.cpp:618&#x0A;Failed" type=""><![CDATA[mongotest.cpp:618
Failed]]></failure>
    </testcase>
    <testcase name="database_collection" status="run" time="0" classname="MongoTest" />
    <testcase name="database_collectionNames" status="run" time="0" classname="MongoTest" />
    <testcase name="database_name" status="run" time="0" classname="MongoTest" />
    <testcase name="database_readPrefs" status="run" time="0" classname="MongoTest">
      <failure message="mongotest.cpp:643&#x0A;Failed" type=""><![CDATA[mongotest.cpp:643
Failed]]></failure>
    </testcase>
    <testcase name="database_writeConcern" status="run" time="0" classname="MongoTest">
      <failure message="mongotest.cpp:648&#x0A;Failed" type=""><![CDATA[mongotest.cpp:648
Failed]]></failure>
    </testcase>
    <testcase name="database_hasCollection" status="run" time="0.001" classname="MongoTest" />
    <testcase name="database_setReadPrefs" status="run" time="0" classname="MongoTest">
      <failure message="mongotest.cpp:661&#x0A;Failed" type=""><![CDATA[mongotest.cpp:661
Failed]]></failure>
    </testcase>
    <testcase name="database_setWriteConcern" status="run" time="0" classname="MongoTest">
      <failure message="mongotest.cpp:666&#x0A;Failed" type=""><![CDATA[mongotest.cpp:666
Failed]]></failure>
    </testcase>
    <testcase name="database_add_user" status="run" time="0.001" classname="MongoTest" />
    <testcase name="database_remove_user" status="run" time="0" classname="MongoTest" />
    <testcase name="database_remove_all_users" status="run" time="0.003" classname="MongoTest" />
    <testcase name="database_drop" status="run" time="0.027" classname="MongoTest" />
    <testcase name="mongoclient_gridfs" status="run" time="0.001" classname="MongoTest" />
    <testcase name="gridFS_createFile" status="run" time="0.001" classname="MongoTest" />
    <testcase name="gridFS_createFileFromStream" status="run" time="0" classname="MongoTest">
      <failure message="mongotest.cpp:718&#x0A;Failed" type=""><![CDATA[mongotest.cpp:718
Failed]]></failure>
    </testcase>
    <testcase name="gridFS_drop" status="run" time="0.005" classname="MongoTest" />
    <testcase name="gridFS_find" status="run" time="0" classname="MongoTest">
      <failure message="mongotest.cpp:731&#x0A;Failed" type=""><![CDATA[mongotest.cpp:731
Failed]]></failure>
    </testcase>
    <testcase name="gridFS_findOne" status="run" time="0" classname="MongoTest">
      <failure message="mongotest.cpp:736&#x0A;Failed" type=""><![CDATA[mongotest.cpp:736
Failed]]></failure>
    </testcase>
    <testcase name="gridFS_findOneByFilename" status="run" time="0" classname="MongoTest">
      <failure message="mongotest.cpp:741&#x0A;Failed" type=""><![CDATA[mongotest.cpp:741
Failed]]></failure>
    </testcase>
    <testcase name="gridFS_chunks" status="run" time="0" classname="MongoTest">
      <failure message="mongotest.cpp:746&#x0A;Failed" type=""><![CDATA[mongotest.cpp:746
Failed]]></failure>
    </testcase>
    <testcase name="gridFS_files" status="run" time="0" classname="MongoTest">
      <failure message="mongotest.cpp:751&#x0A;Failed" type=""><![CDATA[mongotest.cpp:751
Failed]]></failure>
    </testcase>
    <testcase name="GridFSFile_error" status="run" time="0" classname="MongoTest">
      <failure message="mongotest.cpp:756&#x0A;Failed" type=""><![CDATA[mongotest.cpp:756
Failed]]></failure>
    </testcase>
    <testcase name="GridFSFile_aliases" status="run" time="0" classname="MongoTest">
      <failure message="mongotest.cpp:761&#x0A;Failed" type=""><![CDATA[mongotest.cpp:761
Failed]]></failure>
    </testcase>
    <testcase name="GridFSFile_chunk_size" status="run" time="0" classname="MongoTest">
      <failure message="mongotest.cpp:766&#x0A;Failed" type=""><![CDATA[mongotest.cpp:766
Failed]]></failure>
    </testcase>
    <testcase name="GridFSFile_content_type" status="run" time="0" classname="MongoTest">
      <failure message="mongotest.cpp:771&#x0A;Failed" type=""><![CDATA[mongotest.cpp:771
Failed]]></failure>
    </testcase>
    <testcase name="GridFSFile_filename" status="run" time="0.002" classname="MongoTest" />
    <testcase name="GridFSFile_length" status="run" time="0" classname="MongoTest">
      <failure message="mongotest.cpp:789&#x0A;Failed" type=""><![CDATA[mongotest.cpp:789
Failed]]></failure>
    </testcase>
    <testcase name="GridFSFile_md5" status="run" time="0.001" classname="MongoTest" />
    <testcase name="GridFSFile_metadata" status="run" time="0" classname="MongoTest">
      <failure message="mongotest.cpp:807&#x0A;Failed" type=""><![CDATA[mongotest.cpp:807
Failed]]></failure>
    </testcase>
    <testcase name="GridFSFile_uploadDate" status="run" time="0" classname="MongoTest">
      <failure message="mongotest.cpp:812&#x0A;Failed" type=""><![CDATA[mongotest.cpp:812
Failed]]></failure>
    </testcase>
    <testcase name="GridFSFile_readv" status="run" time="0" classname="MongoTest">
      <failure message="mongotest.cpp:817&#x0A;Failed" type=""><![CDATA[mongotest.cpp:817
Failed]]></failure>
    </testcase>
    <testcase name="GridFSFile_save" status="run" time="0.003" classname="MongoTest" />
    <testcase name="GridFSFile_seek" status="run" time="0" classname="MongoTest">
      <failure message="mongotest.cpp:835&#x0A;Failed" type=""><![CDATA[mongotest.cpp:835
Failed]]></failure>
    </testcase>
    <testcase name="GridFSFile_setAliases" status="run" time="0" classname="MongoTest">
      <failure message="mongotest.cpp:840&#x0A;Failed" type=""><![CDATA[mongotest.cpp:840
Failed]]></failure>
    </testcase>
    <testcase name="GridFSFile_setContent_type" status="run" time="0" classname="MongoTest">
      <failure message="mongotest.cpp:845&#x0A;Failed" type=""><![CDATA[mongotest.cpp:845
Failed]]></failure>
    </testcase>
    <testcase name="GridFSFile_setFilename" status="run" time="0" classname="MongoTest">
      <failure message="mongotest.cpp:850&#x0A;Failed" type=""><![CDATA[mongotest.cpp:850
Failed]]></failure>
    </testcase>
    <testcase name="GridFSFile_setMd5" status="run" time="0.001" classname="MongoTest" />
    <testcase name="GridFSFile_setMetadata" status="run" time="0" classname="MongoTest">
      <failure message="mongotest.cpp:869&#x0A;Failed" type=""><![CDATA[mongotest.cpp:869
Failed]]></failure>
    </testcase>
    <testcase name="GridFSFile_tell" status="run" time="0" classname="MongoTest">
      <failure message="mongotest.cpp:874&#x0A;Failed" type=""><![CDATA[mongotest.cpp:874
Failed]]></failure>
    </testcase>
    <testcase name="GridFSFile_writev" status="run" time="0" classname="MongoTest">
      <failure message="mongotest.cpp:879&#x0A;Failed" type=""><![CDATA[mongotest.cpp:879
Failed]]></failure>
    </testcase>
    <testcase name="GridFSFileList_error" status="run" time="0" classname="MongoTest">
      <failure message="mongotest.cpp:884&#x0A;Failed" type=""><![CDATA[mongotest.cpp:884
Failed]]></failure>
    </testcase>
    <testcase name="GridFSFileList_next" status="run" time="0" classname="MongoTest">
      <failure message="mongotest.cpp:889&#x0A;Failed" type=""><![CDATA[mongotest.cpp:889
Failed]]></failure>
    </testcase>
    <testcase name="ReadPrefs_add_tag" status="run" time="0" classname="MongoTest">
      <failure message="mongotest.cpp:894&#x0A;Failed" type=""><![CDATA[mongotest.cpp:894
Failed]]></failure>
    </testcase>
    <testcase name="ReadPrefs_copy" status="run" time="0" classname="MongoTest">
      <failure message="mongotest.cpp:899&#x0A;Failed" type=""><![CDATA[mongotest.cpp:899
Failed]]></failure>
    </testcase>
    <testcase name="ReadPrefs_destroy" status="run" time="0" classname="MongoTest">
      <failure message="mongotest.cpp:904&#x0A;Failed" type=""><![CDATA[mongotest.cpp:904
Failed]]></failure>
    </testcase>
    <testcase name="ReadPrefs_get_mode" status="run" time="0" classname="MongoTest">
      <failure message="mongotest.cpp:909&#x0A;Failed" type=""><![CDATA[mongotest.cpp:909
Failed]]></failure>
    </testcase>
    <testcase name="ReadPrefs_get_tags" status="run" time="0" classname="MongoTest">
      <failure message="mongotest.cpp:914&#x0A;Failed" type=""><![CDATA[mongotest.cpp:914
Failed]]></failure>
    </testcase>
    <testcase name="ReadPrefs_is_valid" status="run" time="0" classname="MongoTest">
      <failure message="mongotest.cpp:919&#x0A;Failed" type=""><![CDATA[mongotest.cpp:919
Failed]]></failure>
    </testcase>
    <testcase name="ReadPrefs_setMode" status="run" time="0" classname="MongoTest">
      <failure message="mongotest.cpp:924&#x0A;Failed" type=""><![CDATA[mongotest.cpp:924
Failed]]></failure>
    </testcase>
    <testcase name="ReadPrefs_setTags" status="run" time="0" classname="MongoTest">
      <failure message="mongotest.cpp:929&#x0A;Failed" type=""><![CDATA[mongotest.cpp:929
Failed]]></failure>
    </testcase>
    <testcase name="Stream_bufferedNew" status="run" time="0" classname="MongoTest">
      <failure message="mongotest.cpp:934&#x0A;Failed" type=""><![CDATA[mongotest.cpp:934
Failed]]></failure>
    </testcase>
    <testcase name="Stream_close" status="run" time="0" classname="MongoTest">
      <failure message="mongotest.cpp:939&#x0A;Failed" type=""><![CDATA[mongotest.cpp:939
Failed]]></failure>
    </testcase>
    <testcase name="Stream_cork" status="run" time="0" classname="MongoTest">
      <failure message="mongotest.cpp:944&#x0A;Failed" type=""><![CDATA[mongotest.cpp:944
Failed]]></failure>
    </testcase>
    <testcase name="Stream_destroy" status="run" time="0" classname="MongoTest">
      <failure message="mongotest.cpp:949&#x0A;Failed" type=""><![CDATA[mongotest.cpp:949
Failed]]></failure>
    </testcase>
    <testcase name="Stream_flush" status="run" time="0" classname="MongoTest">
      <failure message="mongotest.cpp:954&#x0A;Failed" type=""><![CDATA[mongotest.cpp:954
Failed]]></failure>
    </testcase>
    <testcase name="Stream_getBaseStream" status="run" time="0" classname="MongoTest">
      <failure message="mongotest.cpp:959&#x0A;Failed" type=""><![CDATA[mongotest.cpp:959
Failed]]></failure>
    </testcase>
    <testcase name="Stream_gridfsNew" status="run" time="0" classname="MongoTest">
      <failure message="mongotest.cpp:964&#x0A;Failed" type=""><![CDATA[mongotest.cpp:964
Failed]]></failure>
    </testcase>
    <testcase name="Stream_read" status="run" time="0" classname="MongoTest">
      <failure message="mongotest.cpp:969&#x0A;Failed" type=""><![CDATA[mongotest.cpp:969
Failed]]></failure>
    </testcase>
    <testcase name="Stream_readv" status="run" time="0" classname="MongoTest">
      <failure message="mongotest.cpp:974&#x0A;Failed" type=""><![CDATA[mongotest.cpp:974
Failed]]></failure>
    </testcase>
    <testcase name="Stream_tlsCheckCert" status="run" time="0" classname="MongoTest">
      <failure message="mongotest.cpp:979&#x0A;Failed" type=""><![CDATA[mongotest.cpp:979
Failed]]></failure>
    </testcase>
    <testcase name="Stream_tlsDoHandshake" status="run" time="0" classname="MongoTest">
      <failure message="mongotest.cpp:984&#x0A;Failed" type=""><![CDATA[mongotest.cpp:984
Failed]]></failure>
    </testcase>
    <testcase name="Stream_tlsNew" status="run" time="0" classname="MongoTest">
      <failure message="mongotest.cpp:989&#x0A;Failed" type=""><![CDATA[mongotest.cpp:989
Failed]]></failure>
    </testcase>
    <testcase name="Stream_uncork" status="run" time="0" classname="MongoTest">
      <failure message="mongotest.cpp:994&#x0A;Failed" type=""><![CDATA[mongotest.cpp:994
Failed]]></failure>
    </testcase>
    <testcase name="Stream_writev" status="run" time="0" classname="MongoTest">
      <failure message="mongotest.cpp:999&#x0A;Failed" type=""><![CDATA[mongotest.cpp:999
Failed]]></failure>
    </testcase>
    <testcase name="URI_copy" status="run" time="0" classname="MongoTest" />
    <testcase name="URI_authMechanism" status="run" time="0" classname="MongoTest">
      <failure message="mongotest.cpp:1013&#x0A;Failed" type=""><![CDATA[mongotest.cpp:1013
Failed]]></failure>
    </testcase>
    <testcase name="URI_authSource" status="run" time="0" classname="MongoTest">
      <failure message="mongotest.cpp:1018&#x0A;Failed" type=""><![CDATA[mongotest.cpp:1018
Failed]]></failure>
    </testcase>
    <testcase name="URI_database" status="run" time="0" classname="MongoTest" />
    <testcase name="URI_hosts" status="run" time="0" classname="MongoTest" />
    <testcase name="URI_options" status="run" time="0" classname="MongoTest" />
    <testcase name="URI_password" status="run" time="0" classname="MongoTest" />
    <testcase name="URI_readPrefs" status="run" time="0" classname="MongoTest">
      <failure message="mongotest.cpp:1058&#x0A;Failed" type=""><![CDATA[mongotest.cpp:1058
Failed]]></failure>
    </testcase>
    <testcase name="URI_replicaSet" status="run" time="0" classname="MongoTest">
      <failure message="mongotest.cpp:1063&#x0A;Failed" type=""><![CDATA[mongotest.cpp:1063
Failed]]></failure>
    </testcase>
    <testcase name="URI_ssl" status="run" time="0" classname="MongoTest" />
    <testcase name="URI_string" status="run" time="0" classname="MongoTest" />
    <testcase name="URI_username" status="run" time="0" classname="MongoTest" />
    <testcase name="URI_writeConcern" status="run" time="0" classname="MongoTest">
      <failure message="mongotest.cpp:1096&#x0A;Failed" type=""><![CDATA[mongotest.cpp:1096
Failed]]></failure>
    </testcase>
    <testcase name="URI_new" status="run" time="0" classname="MongoTest" />
    <testcase name="URI_newForHostPort" status="run" time="0" classname="MongoTest">
      <failure message="mongotest.cpp:1108&#x0A;Failed" type=""><![CDATA[mongotest.cpp:1108
Failed]]></failure>
    </testcase>
    <testcase name="URI_unescape" status="run" time="0" classname="MongoTest">
      <failure message="mongotest.cpp:1113&#x0A;Failed" type=""><![CDATA[mongotest.cpp:1113
Failed]]></failure>
    </testcase>
    <testcase name="WriteConcern_copy" status="run" time="0.001" classname="MongoTest">
      <failure message="mongotest.cpp:1118&#x0A;Failed" type=""><![CDATA[mongotest.cpp:1118
Failed]]></failure>
    </testcase>
    <testcase name="WriteConcern_destroy" status="run" time="0" classname="MongoTest">
      <failure message="mongotest.cpp:1123&#x0A;Failed" type=""><![CDATA[mongotest.cpp:1123
Failed]]></failure>
    </testcase>
    <testcase name="WriteConcern_fsync" status="run" time="0" classname="MongoTest">
      <failure message="mongotest.cpp:1128&#x0A;Failed" type=""><![CDATA[mongotest.cpp:1128
Failed]]></failure>
    </testcase>
    <testcase name="WriteConcern_journal" status="run" time="0" classname="MongoTest">
      <failure message="mongotest.cpp:1133&#x0A;Failed" type=""><![CDATA[mongotest.cpp:1133
Failed]]></failure>
    </testcase>
    <testcase name="WriteConcern_w" status="run" time="0" classname="MongoTest" />
    <testcase name="WriteConcern_wmajority" status="run" time="0" classname="MongoTest">
      <failure message="mongotest.cpp:1148&#x0A;Failed" type=""><![CDATA[mongotest.cpp:1148
Failed]]></failure>
    </testcase>
    <testcase name="WriteConcern_wtag" status="run" time="0" classname="MongoTest">
      <failure message="mongotest.cpp:1153&#x0A;Failed" type=""><![CDATA[mongotest.cpp:1153
Failed]]></failure>
    </testcase>
    <testcase name="WriteConcern_wtimeout" status="run" time="0" classname="MongoTest">
      <failure message="mongotest.cpp:1158&#x0A;Failed" type=""><![CDATA[mongotest.cpp:1158
Failed]]></failure>
    </testcase>
    <testcase name="WriteConcern_new" status="run" time="0" classname="MongoTest" />
    <testcase name="WriteConcern_setFsync" status="run" time="0" classname="MongoTest">
      <failure message="mongotest.cpp:1170&#x0A;Failed" type=""><![CDATA[mongotest.cpp:1170
Failed]]></failure>
    </testcase>
    <testcase name="WriteConcern_setJournal" status="run" time="0" classname="MongoTest">
      <failure message="mongotest.cpp:1175&#x0A;Failed" type=""><![CDATA[mongotest.cpp:1175
Failed]]></failure>
    </testcase>
    <testcase name="WriteConcern_setW" status="run" time="0" classname="MongoTest" />
    <testcase name="WriteConcern_setWmajority" status="run" time="0" classname="MongoTest">
      <failure message="mongotest.cpp:1190&#x0A;Failed" type=""><![CDATA[mongotest.cpp:1190
Failed]]></failure>
    </testcase>
    <testcase name="WriteConcern_setWtag" status="run" time="0" classname="MongoTest">
      <failure message="mongotest.cpp:1195&#x0A;Failed" type=""><![CDATA[mongotest.cpp:1195
Failed]]></failure>
    </testcase>
    <testcase name="WriteConcern_setWtimeout" status="run" time="0" classname="MongoTest">
      <failure message="mongotest.cpp:1200&#x0A;Failed" type=""><![CDATA[mongotest.cpp:1200
Failed]]></failure>
    </testcase>
  </testsuite>
</testsuites>
